[2024-07-08 16:20:59,661][flwr][INFO] - Starting Flower simulation, config: ServerConfig(num_rounds=3, round_timeout=None)
[2024-07-08 16:21:01,828][flwr][INFO] - Flower VCE: Ray initialized with resources: {'GPU': 1.0, 'memory': 15687168000.0, 'node:127.0.0.1': 1.0, 'object_store_memory': 7843584000.0, 'CPU': 20.0}
[2024-07-08 16:21:01,829][flwr][INFO] - Initializing global parameters
[2024-07-08 16:21:01,830][flwr][INFO] - Requesting initial parameters from one random client
[2024-07-08 16:21:03,310][flwr][INFO] - Received initial parameters from one random client
[2024-07-08 16:21:03,311][flwr][INFO] - Evaluating initial parameters
[2024-07-08 16:21:06,149][flwr][INFO] - initial parameters (loss, other metrics): 721.1651017665863, {'accuracy': 0.1648}
[2024-07-08 16:21:06,150][flwr][INFO] - FL starting
[2024-07-08 16:21:06,150][flwr][DEBUG] - fit_round 1: strategy sampled 1 clients (out of 10)
[2024-07-08 16:21:09,356][flwr][DEBUG] - fit_round 1 received 1 results and 0 failures
[2024-07-08 16:21:09,358][flwr][WARNING] - No fit_metrics_aggregation_fn provided
[2024-07-08 16:21:11,970][flwr][INFO] - fit progress: (1, 59.67354595661163, {'accuracy': 0.9437}, 5.820625)
[2024-07-08 16:21:11,971][flwr][DEBUG] - evaluate_round 1: strategy sampled 3 clients (out of 10)
[2024-07-08 16:21:16,913][flwr][DEBUG] - evaluate_round 1 received 3 results and 0 failures
[2024-07-08 16:21:16,914][flwr][WARNING] - No evaluate_metrics_aggregation_fn provided
[2024-07-08 16:21:16,914][flwr][DEBUG] - fit_round 2: strategy sampled 1 clients (out of 10)
[2024-07-08 16:21:19,992][flwr][DEBUG] - fit_round 2 received 1 results and 0 failures
[2024-07-08 16:21:22,614][flwr][INFO] - fit progress: (2, 42.09280856256373, {'accuracy': 0.96}, 16.4636819)
[2024-07-08 16:21:22,614][flwr][DEBUG] - evaluate_round 2: strategy sampled 3 clients (out of 10)
[2024-07-08 16:21:27,603][flwr][DEBUG] - evaluate_round 2 received 3 results and 0 failures
[2024-07-08 16:21:27,603][flwr][DEBUG] - fit_round 3: strategy sampled 1 clients (out of 10)
[2024-07-08 16:21:30,682][flwr][DEBUG] - fit_round 3 received 1 results and 0 failures
[2024-07-08 16:21:33,321][flwr][INFO] - fit progress: (3, 49.52138965892664, {'accuracy': 0.9581}, 27.1705377)
[2024-07-08 16:21:33,321][flwr][DEBUG] - evaluate_round 3: strategy sampled 3 clients (out of 10)
[2024-07-08 16:21:38,247][flwr][DEBUG] - evaluate_round 3 received 3 results and 0 failures
[2024-07-08 16:21:38,248][flwr][INFO] - FL finished in 32.097773000000004
[2024-07-08 16:21:38,248][flwr][INFO] - app_fit: losses_distributed [(1, 8.156376227115592), (2, 6.3878585592998816), (3, 5.6235145091583645)]
[2024-07-08 16:21:38,249][flwr][INFO] - app_fit: metrics_distributed_fit {}
[2024-07-08 16:21:38,249][flwr][INFO] - app_fit: metrics_distributed {}
[2024-07-08 16:21:38,249][flwr][INFO] - app_fit: losses_centralized [(0, 721.1651017665863), (1, 59.67354595661163), (2, 42.09280856256373), (3, 49.52138965892664)]
[2024-07-08 16:21:38,250][flwr][INFO] - app_fit: metrics_centralized {'accuracy': [(0, 0.1648), (1, 0.9437), (2, 0.96), (3, 0.9581)]}
