[2024-06-27 14:23:30,417][flwr][INFO] - Starting Flower simulation, config: ServerConfig(num_rounds=3, round_timeout=None)
[2024-06-27 14:23:32,643][flwr][INFO] - Flower VCE: Ray initialized with resources: {'CPU': 16.0, 'node:172.16.0.2': 1.0, 'object_store_memory': 3581193830.0, 'memory': 7162387662.0}
[2024-06-27 14:23:32,643][flwr][INFO] - Initializing global parameters
[2024-06-27 14:23:32,643][flwr][INFO] - Requesting initial parameters from one random client
[2024-06-27 14:23:33,651][flwr][INFO] - Received initial parameters from one random client
[2024-06-27 14:23:33,651][flwr][INFO] - Evaluating initial parameters
[2024-06-27 14:23:34,305][flwr][INFO] - initial parameters (loss, other metrics): 719.808379650116, {'accuracy': 0.1312}
[2024-06-27 14:23:34,305][flwr][INFO] - FL starting
[2024-06-27 14:23:34,305][flwr][DEBUG] - fit_round 1: strategy sampled 1 clients (out of 10)
[2024-06-27 14:23:35,277][flwr][DEBUG] - fit_round 1 received 1 results and 0 failures
[2024-06-27 14:23:35,278][flwr][WARNING] - No fit_metrics_aggregation_fn provided
[2024-06-27 14:23:35,900][flwr][INFO] - fit progress: (1, 99.0920185642317, {'accuracy': 0.8992}, 1.594915335999758)
[2024-06-27 14:23:35,900][flwr][DEBUG] - evaluate_round 1: strategy sampled 3 clients (out of 10)
[2024-06-27 14:23:37,238][flwr][DEBUG] - evaluate_round 1 received 3 results and 0 failures
[2024-06-27 14:23:37,238][flwr][WARNING] - No evaluate_metrics_aggregation_fn provided
[2024-06-27 14:23:37,238][flwr][DEBUG] - fit_round 2: strategy sampled 1 clients (out of 10)
[2024-06-27 14:23:38,146][flwr][DEBUG] - fit_round 2 received 1 results and 0 failures
[2024-06-27 14:23:38,779][flwr][INFO] - fit progress: (2, 60.958868759684265, {'accuracy': 0.9379}, 4.473954228998991)
[2024-06-27 14:23:38,779][flwr][DEBUG] - evaluate_round 2: strategy sampled 3 clients (out of 10)
[2024-06-27 14:23:39,100][flwr][DEBUG] - evaluate_round 2 received 3 results and 0 failures
[2024-06-27 14:23:39,101][flwr][DEBUG] - fit_round 3: strategy sampled 1 clients (out of 10)
[2024-06-27 14:23:40,033][flwr][DEBUG] - fit_round 3 received 1 results and 0 failures
[2024-06-27 14:23:40,678][flwr][INFO] - fit progress: (3, 34.41621047627996, {'accuracy': 0.9654}, 6.373062127999219)
[2024-06-27 14:23:40,678][flwr][DEBUG] - evaluate_round 3: strategy sampled 3 clients (out of 10)
[2024-06-27 14:23:40,986][flwr][DEBUG] - evaluate_round 3 received 3 results and 0 failures
[2024-06-27 14:23:40,986][flwr][INFO] - FL finished in 6.681130504999601
[2024-06-27 14:23:40,986][flwr][INFO] - app_fit: losses_distributed [(1, 13.2663014618059), (2, 8.697938680027923), (3, 4.329577304966127)]
[2024-06-27 14:23:40,986][flwr][INFO] - app_fit: metrics_distributed_fit {}
[2024-06-27 14:23:40,986][flwr][INFO] - app_fit: metrics_distributed {}
[2024-06-27 14:23:40,986][flwr][INFO] - app_fit: losses_centralized [(0, 719.808379650116), (1, 99.0920185642317), (2, 60.958868759684265), (3, 34.41621047627996)]
[2024-06-27 14:23:40,986][flwr][INFO] - app_fit: metrics_centralized {'accuracy': [(0, 0.1312), (1, 0.8992), (2, 0.9379), (3, 0.9654)]}
